Release 14.6 - xst P.68d (nt64)
Copyright (c) 1995-2013 Xilinx, Inc.  All rights reserved.
--> Parameter TMPDIR set to xst/projnav.tmp


Total REAL time to Xst completion: 0.00 secs
Total CPU time to Xst completion: 0.08 secs
 
--> Parameter xsthdpdir set to xst


Total REAL time to Xst completion: 0.00 secs
Total CPU time to Xst completion: 0.08 secs
 
--> Reading design: reg_v3.prj

TABLE OF CONTENTS
  1) Synthesis Options Summary
  2) HDL Compilation
  3) Design Hierarchy Analysis
  4) HDL Analysis
  5) HDL Synthesis
     5.1) HDL Synthesis Report
  6) Advanced HDL Synthesis
     6.1) Advanced HDL Synthesis Report
  7) Low Level Synthesis
  8) Partition Report
  9) Final Report
	9.1) Device utilization summary
	9.2) Partition Resource Summary
	9.3) TIMING REPORT


=========================================================================
*                      Synthesis Options Summary                        *
=========================================================================
---- Source Parameters
Input File Name                    : "reg_v3.prj"
Input Format                       : mixed
Ignore Synthesis Constraint File   : NO

---- Target Parameters
Output File Name                   : "reg_v3"
Output Format                      : NGC
Target Device                      : xc3s100e-4-cp132

---- Source Options
Top Module Name                    : reg_v3
Automatic FSM Extraction           : YES
FSM Encoding Algorithm             : Auto
Safe Implementation                : No
FSM Style                          : LUT
RAM Extraction                     : Yes
RAM Style                          : Auto
ROM Extraction                     : Yes
Mux Style                          : Auto
Decoder Extraction                 : YES
Priority Encoder Extraction        : Yes
Shift Register Extraction          : YES
Logical Shifter Extraction         : YES
XOR Collapsing                     : YES
ROM Style                          : Auto
Mux Extraction                     : Yes
Resource Sharing                   : YES
Asynchronous To Synchronous        : NO
Multiplier Style                   : Auto
Automatic Register Balancing       : No

---- Target Options
Add IO Buffers                     : YES
Global Maximum Fanout              : 500
Add Generic Clock Buffer(BUFG)     : 24
Register Duplication               : YES
Slice Packing                      : YES
Optimize Instantiated Primitives   : NO
Use Clock Enable                   : Yes
Use Synchronous Set                : Yes
Use Synchronous Reset              : Yes
Pack IO Registers into IOBs        : Auto
Equivalent register Removal        : YES

---- General Options
Optimization Goal                  : Speed
Optimization Effort                : 1
Keep Hierarchy                     : No
Netlist Hierarchy                  : As_Optimized
RTL Output                         : Yes
Global Optimization                : AllClockNets
Read Cores                         : YES
Write Timing Constraints           : NO
Cross Clock Analysis               : NO
Hierarchy Separator                : /
Bus Delimiter                      : <>
Case Specifier                     : Maintain
Slice Utilization Ratio            : 100
BRAM Utilization Ratio             : 100
Verilog 2001                       : YES
Auto BRAM Packing                  : NO
Slice Utilization Ratio Delta      : 5

=========================================================================


=========================================================================
*                          HDL Compilation                              *
=========================================================================
Compiling vhdl file "C:/Week2Lab2-2/reg_v4.vhd" in Library work.
Entity <reg_v4> compiled.
ERROR:HDLParsers:3010 - "C:/Week2Lab2-2/reg_v4.vhd" Line 40. Entity reg_v3 does not exist.
ERROR:HDLParsers:3312 - "C:/Week2Lab2-2/reg_v4.vhd" Line 43. Undefined symbol 'std_logic'.
ERROR:HDLParsers:1209 - "C:/Week2Lab2-2/reg_v4.vhd" Line 43. std_logic: Undefined symbol (last report in this block)
ERROR:HDLParsers:3312 - "C:/Week2Lab2-2/reg_v4.vhd" Line 44. Undefined symbol 'std_logic_vector'.
ERROR:HDLParsers:1209 - "C:/Week2Lab2-2/reg_v4.vhd" Line 44. std_logic_vector: Undefined symbol (last report in this block)
ERROR:HDLParsers:3312 - "C:/Week2Lab2-2/reg_v4.vhd" Line 47. Undefined symbol 'ck'.
ERROR:HDLParsers:1209 - "C:/Week2Lab2-2/reg_v4.vhd" Line 47. ck: Undefined symbol (last report in this block)
ERROR:HDLParsers:3312 - "C:/Week2Lab2-2/reg_v4.vhd" Line 47. Undefined symbol 'btns'.
ERROR:HDLParsers:1209 - "C:/Week2Lab2-2/reg_v4.vhd" Line 47. btns: Undefined symbol (last report in this block)
ERROR:HDLParsers:3313 - "C:/Week2Lab2-2/reg_v4.vhd" Line 52. Undefined symbol 'r0'.  Should it be: s0?
ERROR:HDLParsers:3312 - "C:/Week2Lab2-2/reg_v4.vhd" Line 52. Undefined symbol 'sw'.
ERROR:HDLParsers:1209 - "C:/Week2Lab2-2/reg_v4.vhd" Line 52. sw: Undefined symbol (last report in this block)
ERROR:HDLParsers:3313 - "C:/Week2Lab2-2/reg_v4.vhd" Line 54. Undefined symbol 'r1'.  Should it be: s1?
ERROR:HDLParsers:3313 - "C:/Week2Lab2-2/reg_v4.vhd" Line 56. Undefined symbol 'r2'.  Should it be: s2?
ERROR:HDLParsers:3313 - "C:/Week2Lab2-2/reg_v4.vhd" Line 58. Undefined symbol 'r3'.  Should it be: s3?
WARNING:HDLParsers:1406 - "C:/Week2Lab2-2/reg_v4.vhd" Line 47. No sensitivity list and no wait in the process
ERROR:HDLParsers:3312 - "C:/Week2Lab2-2/reg_v4.vhd" Line 64. Undefined symbol 'sw_sel'.
ERROR:HDLParsers:1209 - "C:/Week2Lab2-2/reg_v4.vhd" Line 64. sw_sel: Undefined symbol (last report in this block)
ERROR:HDLParsers:3312 - "C:/Week2Lab2-2/reg_v4.vhd" Line 65. Undefined symbol 'std_logic_vector'.
ERROR:HDLParsers:1209 - "C:/Week2Lab2-2/reg_v4.vhd" Line 65. std_logic_vector: Undefined symbol (last report in this block)
ERROR:HDLParsers:3312 - "C:/Week2Lab2-2/reg_v4.vhd" Line 69. Undefined symbol 'temp'.
ERROR:HDLParsers:3313 - "C:/Week2Lab2-2/reg_v4.vhd" Line 69. Undefined symbol 'r0'.  Should it be: s0?
ERROR:HDLParsers:1209 - "C:/Week2Lab2-2/reg_v4.vhd" Line 69. r0: Undefined symbol (last report in this block)
ERROR:HDLParsers:1209 - "C:/Week2Lab2-2/reg_v4.vhd" Line 71. temp: Undefined symbol (last report in this block)
ERROR:HDLParsers:3313 - "C:/Week2Lab2-2/reg_v4.vhd" Line 71. Undefined symbol 'r1'.  Should it be: s1?
ERROR:HDLParsers:1209 - "C:/Week2Lab2-2/reg_v4.vhd" Line 71. r1: Undefined symbol (last report in this block)
ERROR:HDLParsers:3313 - "C:/Week2Lab2-2/reg_v4.vhd" Line 73. Undefined symbol 'r2'.  Should it be: s2?
ERROR:HDLParsers:1209 - "C:/Week2Lab2-2/reg_v4.vhd" Line 73. r2: Undefined symbol (last report in this block)
ERROR:HDLParsers:3313 - "C:/Week2Lab2-2/reg_v4.vhd" Line 75. Undefined symbol 'r3'.  Should it be: s3?
ERROR:HDLParsers:1209 - "C:/Week2Lab2-2/reg_v4.vhd" Line 75. r3: Undefined symbol (last report in this block)
ERROR:HDLParsers:3312 - "C:/Week2Lab2-2/reg_v4.vhd" Line 81. Undefined symbol 'z'.
ERROR:HDLParsers:1209 - "C:/Week2Lab2-2/reg_v4.vhd" Line 83. z: Undefined symbol (last report in this block)
WARNING:HDLParsers:1406 - "C:/Week2Lab2-2/reg_v4.vhd" Line 64. No sensitivity list and no wait in the process
ERROR:HDLParsers:3312 - "C:/Week2Lab2-2/reg_v4.vhd" Line 117. Undefined symbol 'ck_div'.
ERROR:HDLParsers:1209 - "C:/Week2Lab2-2/reg_v4.vhd" Line 117. ck_div: Undefined symbol (last report in this block)
ERROR:HDLParsers:3312 - "C:/Week2Lab2-2/reg_v4.vhd" Line 122. Undefined symbol 'sw_sel'.
ERROR:HDLParsers:3312 - "C:/Week2Lab2-2/reg_v4.vhd" Line 123. Undefined symbol 'disp_en'.
ERROR:HDLParsers:1209 - "C:/Week2Lab2-2/reg_v4.vhd" Line 126. sw_sel: Undefined symbol (last report in this block)
ERROR:HDLParsers:1209 - "C:/Week2Lab2-2/reg_v4.vhd" Line 127. disp_en: Undefined symbol (last report in this block)
WARNING:HDLParsers:1406 - "C:/Week2Lab2-2/reg_v4.vhd" Line 117. No sensitivity list and no wait in the process
ERROR:HDLParsers:3312 - "C:/Week2Lab2-2/reg_v4.vhd" Line 141. Undefined symbol 'ck'.
ERROR:HDLParsers:1209 - "C:/Week2Lab2-2/reg_v4.vhd" Line 141. ck: Undefined symbol (last report in this block)
ERROR:HDLParsers:3312 - "C:/Week2Lab2-2/reg_v4.vhd" Line 145. Undefined symbol 'reset'.
ERROR:HDLParsers:1209 - "C:/Week2Lab2-2/reg_v4.vhd" Line 145. reset: Undefined symbol (last report in this block)
ERROR:HDLParsers:3312 - "C:/Week2Lab2-2/reg_v4.vhd" Line 147. Undefined symbol 'ck_div'.
ERROR:HDLParsers:1209 - "C:/Week2Lab2-2/reg_v4.vhd" Line 150. ck_div: Undefined symbol (last report in this block)
WARNING:HDLParsers:1406 - "C:/Week2Lab2-2/reg_v4.vhd" Line 141. No sensitivity list and no wait in the process
--> 

Total memory usage is 247364 kilobytes

Number of errors   :   43 (   0 filtered)
Number of warnings :    4 (   0 filtered)
Number of infos    :    0 (   0 filtered)

