--------------------------------------------------------------------------------
Release 14.6 Trace  (nt64)
Copyright (c) 1995-2013 Xilinx, Inc.  All rights reserved.

C:\Xilinx\14.6\ISE_DS\ISE\bin\nt64\unwrapped\trce.exe -intstyle ise -v 3 -s 4
-n 3 -fastpaths -xml mult4.twx mult4.ncd -o mult4.twr mult4.pcf -ucf mult4.ucf

Design file:              mult4.ncd
Physical constraint file: mult4.pcf
Device,package,speed:     xc3s100e,cp132,-4 (PRODUCTION 1.27 2013-06-08)
Report level:             verbose report

Environment Variable      Effect 
--------------------      ------ 
NONE                      No environment variables were set
--------------------------------------------------------------------------------

INFO:Timing:2698 - No timing constraints found, doing default enumeration.
INFO:Timing:3412 - To improve timing, see the Timing Closure User Guide (UG612).
INFO:Timing:2752 - To get complete path coverage, use the unconstrained paths 
   option. All paths that are not constrained will be reported in the 
   unconstrained paths section(s) of the report.
INFO:Timing:3339 - The clock-to-out numbers in this timing report are based on 
   a 50 Ohm transmission line loading model.  For the details of this model, 
   and for more information on accounting for different loading conditions, 
   please see the device datasheet.
INFO:Timing:3390 - This architecture does not support a default System Jitter 
   value, please add SYSTEM_JITTER constraint to the UCF to modify the Clock 
   Uncertainty calculation.
INFO:Timing:3389 - This architecture does not support 'Discrete Jitter' and 
   'Phase Error' calculations, these terms will be zero in the Clock 
   Uncertainty calculation.  Please make appropriate modification to 
   SYSTEM_JITTER to account for the unsupported Discrete Jitter and Phase 
   Error.



Data Sheet report:
-----------------
All values displayed in nanoseconds (ns)

Pad to Pad
---------------+---------------+---------+
Source Pad     |Destination Pad|  Delay  |
---------------+---------------+---------+
a<0>           |p<0>           |    8.271|
a<0>           |p<1>           |    8.737|
a<0>           |p<2>           |    9.861|
a<0>           |p<3>           |   11.303|
a<0>           |p<4>           |   14.196|
a<0>           |p<5>           |   14.713|
a<0>           |p<6>           |   16.222|
a<0>           |p<7>           |   15.095|
a<1>           |p<1>           |    8.340|
a<1>           |p<2>           |   10.530|
a<1>           |p<3>           |   12.163|
a<1>           |p<4>           |   15.056|
a<1>           |p<5>           |   15.573|
a<1>           |p<6>           |   17.082|
a<1>           |p<7>           |   15.955|
a<2>           |p<2>           |    8.395|
a<2>           |p<3>           |   10.465|
a<2>           |p<4>           |   13.358|
a<2>           |p<5>           |   13.875|
a<2>           |p<6>           |   15.384|
a<2>           |p<7>           |   14.257|
a<3>           |p<3>           |    9.842|
a<3>           |p<4>           |   12.735|
a<3>           |p<5>           |   13.252|
a<3>           |p<6>           |   14.761|
a<3>           |p<7>           |   13.634|
b<0>           |p<0>           |    8.041|
b<0>           |p<1>           |    9.151|
b<0>           |p<2>           |   10.210|
b<0>           |p<3>           |   11.652|
b<0>           |p<4>           |   14.545|
b<0>           |p<5>           |   15.062|
b<0>           |p<6>           |   16.571|
b<0>           |p<7>           |   15.444|
b<1>           |p<1>           |    8.491|
b<1>           |p<2>           |    9.610|
b<1>           |p<3>           |   11.052|
b<1>           |p<4>           |   13.945|
b<1>           |p<5>           |   14.462|
b<1>           |p<6>           |   15.971|
b<1>           |p<7>           |   14.844|
b<2>           |p<2>           |    8.404|
b<2>           |p<3>           |    9.638|
b<2>           |p<4>           |   12.657|
b<2>           |p<5>           |   13.174|
b<2>           |p<6>           |   14.683|
b<2>           |p<7>           |   13.556|
b<3>           |p<3>           |    9.992|
b<3>           |p<4>           |   11.493|
b<3>           |p<5>           |   12.942|
b<3>           |p<6>           |   14.451|
b<3>           |p<7>           |   13.324|
---------------+---------------+---------+


Analysis completed Thu May 08 18:04:07 2014 
--------------------------------------------------------------------------------

Trace Settings:
-------------------------
Trace Settings 

Peak Memory Usage: 147 MB



