Release 14.6 - xst P.68d (nt64)
Copyright (c) 1995-2013 Xilinx, Inc.  All rights reserved.
--> Parameter TMPDIR set to xst/projnav.tmp


Total REAL time to Xst completion: 0.00 secs
Total CPU time to Xst completion: 0.10 secs
 
--> Parameter xsthdpdir set to xst


Total REAL time to Xst completion: 0.00 secs
Total CPU time to Xst completion: 0.11 secs
 
--> Reading design: mult4.prj

TABLE OF CONTENTS
  1) Synthesis Options Summary
  2) HDL Compilation
  3) Design Hierarchy Analysis
  4) HDL Analysis
  5) HDL Synthesis
     5.1) HDL Synthesis Report
  6) Advanced HDL Synthesis
     6.1) Advanced HDL Synthesis Report
  7) Low Level Synthesis
  8) Partition Report
  9) Final Report
	9.1) Device utilization summary
	9.2) Partition Resource Summary
	9.3) TIMING REPORT


=========================================================================
*                      Synthesis Options Summary                        *
=========================================================================
---- Source Parameters
Input File Name                    : "mult4.prj"
Input Format                       : mixed
Ignore Synthesis Constraint File   : NO

---- Target Parameters
Output File Name                   : "mult4"
Output Format                      : NGC
Target Device                      : xc3s100e-4-cp132

---- Source Options
Top Module Name                    : mult4
Automatic FSM Extraction           : YES
FSM Encoding Algorithm             : Auto
Safe Implementation                : No
FSM Style                          : LUT
RAM Extraction                     : Yes
RAM Style                          : Auto
ROM Extraction                     : Yes
Mux Style                          : Auto
Decoder Extraction                 : YES
Priority Encoder Extraction        : Yes
Shift Register Extraction          : YES
Logical Shifter Extraction         : YES
XOR Collapsing                     : YES
ROM Style                          : Auto
Mux Extraction                     : Yes
Resource Sharing                   : YES
Asynchronous To Synchronous        : NO
Multiplier Style                   : Auto
Automatic Register Balancing       : No

---- Target Options
Add IO Buffers                     : YES
Global Maximum Fanout              : 500
Add Generic Clock Buffer(BUFG)     : 24
Register Duplication               : YES
Slice Packing                      : YES
Optimize Instantiated Primitives   : NO
Use Clock Enable                   : Yes
Use Synchronous Set                : Yes
Use Synchronous Reset              : Yes
Pack IO Registers into IOBs        : Auto
Equivalent register Removal        : YES

---- General Options
Optimization Goal                  : Speed
Optimization Effort                : 1
Keep Hierarchy                     : No
Netlist Hierarchy                  : As_Optimized
RTL Output                         : Yes
Global Optimization                : AllClockNets
Read Cores                         : YES
Write Timing Constraints           : NO
Cross Clock Analysis               : NO
Hierarchy Separator                : /
Bus Delimiter                      : <>
Case Specifier                     : Maintain
Slice Utilization Ratio            : 100
BRAM Utilization Ratio             : 100
Verilog 2001                       : YES
Auto BRAM Packing                  : NO
Slice Utilization Ratio Delta      : 5

=========================================================================


=========================================================================
*                          HDL Compilation                              *
=========================================================================
Compiling vhdl file "//dunx1.irt.drexel.edu/mkm84/arraymult_fpga/PE.vhd" in Library work.
Architecture concurrent of Entity pe is up to date.
Compiling vhdl file "//dunx1.irt.drexel.edu/mkm84/arraymult_fpga/a_mult.vhd" in Library work.
Architecture struc of Entity a_mult is up to date.
Compiling vhdl file "//dunx1.irt.drexel.edu/mkm84/arraymult_fpga/mult4.vhd" in Library work.
Entity <mult4> compiled.
Entity <mult4> (Architecture <struc>) compiled.

=========================================================================
*                     Design Hierarchy Analysis                         *
=========================================================================
Analyzing hierarchy for entity <mult4> in library <work> (architecture <struc>).

Analyzing hierarchy for entity <a_mult> in library <work> (architecture <struc>) with generics.
	N = 4

Analyzing hierarchy for entity <PE> in library <work> (architecture <concurrent>).


=========================================================================
*                            HDL Analysis                               *
=========================================================================
Analyzing Entity <mult4> in library <work> (Architecture <struc>).
Entity <mult4> analyzed. Unit <mult4> generated.

Analyzing generic Entity <a_mult> in library <work> (Architecture <struc>).
	N = 4
WARNING:Xst:753 - "//dunx1.irt.drexel.edu/mkm84/arraymult_fpga/a_mult.vhd" line 44: Unconnected output port 'y_out' of component 'PE'.
WARNING:Xst:753 - "//dunx1.irt.drexel.edu/mkm84/arraymult_fpga/a_mult.vhd" line 44: Unconnected output port 'y_out' of component 'PE'.
WARNING:Xst:753 - "//dunx1.irt.drexel.edu/mkm84/arraymult_fpga/a_mult.vhd" line 44: Unconnected output port 'y_out' of component 'PE'.
WARNING:Xst:753 - "//dunx1.irt.drexel.edu/mkm84/arraymult_fpga/a_mult.vhd" line 36: Unconnected output port 'x_out' of component 'PE'.
WARNING:Xst:753 - "//dunx1.irt.drexel.edu/mkm84/arraymult_fpga/a_mult.vhd" line 36: Unconnected output port 'x_out' of component 'PE'.
WARNING:Xst:753 - "//dunx1.irt.drexel.edu/mkm84/arraymult_fpga/a_mult.vhd" line 36: Unconnected output port 'x_out' of component 'PE'.
WARNING:Xst:753 - "//dunx1.irt.drexel.edu/mkm84/arraymult_fpga/a_mult.vhd" line 40: Unconnected output port 'x_out' of component 'PE'.
WARNING:Xst:753 - "//dunx1.irt.drexel.edu/mkm84/arraymult_fpga/a_mult.vhd" line 40: Unconnected output port 'y_out' of component 'PE'.
Entity <a_mult> analyzed. Unit <a_mult> generated.

Analyzing Entity <PE> in library <work> (Architecture <concurrent>).
Entity <PE> analyzed. Unit <PE> generated.


=========================================================================
*                           HDL Synthesis                               *
=========================================================================

Performing bidirectional port resolution...

Synthesizing Unit <PE>.
    Related source file is "//dunx1.irt.drexel.edu/mkm84/arraymult_fpga/PE.vhd".
    Found 1-bit xor3 for signal <ps_out>.
    Summary:
	inferred   1 Xor(s).
Unit <PE> synthesized.


Synthesizing Unit <a_mult>.
    Related source file is "//dunx1.irt.drexel.edu/mkm84/arraymult_fpga/a_mult.vhd".
Unit <a_mult> synthesized.


Synthesizing Unit <mult4>.
    Related source file is "//dunx1.irt.drexel.edu/mkm84/arraymult_fpga/mult4.vhd".
Unit <mult4> synthesized.


=========================================================================
HDL Synthesis Report

Macro Statistics
# Xors                                                 : 16
 1-bit xor3                                            : 16

=========================================================================

=========================================================================
*                       Advanced HDL Synthesis                          *
=========================================================================


=========================================================================
Advanced HDL Synthesis Report

Macro Statistics
# Xors                                                 : 16
 1-bit xor3                                            : 16

=========================================================================

=========================================================================
*                         Low Level Synthesis                           *
=========================================================================

Optimizing unit <mult4> ...

Optimizing unit <a_mult> ...

Mapping all equations...
Building and optimizing final netlist ...
Found area constraint ratio of 100 (+ 5) on block mult4, actual ratio is 1.

Final Macro Processing ...

=========================================================================
Final Register Report

Found no macro
=========================================================================

=========================================================================
*                           Partition Report                            *
=========================================================================

Partition Implementation Status
-------------------------------

  No Partitions were found in this design.

-------------------------------

=========================================================================
*                            Final Report                               *
=========================================================================
Final Results
RTL Top Level Output File Name     : mult4.ngr
Top Level Output File Name         : mult4
Output Format                      : NGC
Optimization Goal                  : Speed
Keep Hierarchy                     : No

Design Statistics
# IOs                              : 16

Cell Usage :
# BELS                             : 30
#      LUT2                        : 9
#      LUT4                        : 21
# IO Buffers                       : 16
#      IBUF                        : 8
#      OBUF                        : 8
=========================================================================

Device utilization summary:
---------------------------

Selected Device : 3s100ecp132-4 

 Number of Slices:                       17  out of    960     1%  
 Number of 4 input LUTs:                 30  out of   1920     1%  
 Number of IOs:                          16
 Number of bonded IOBs:                  16  out of     83    19%  

---------------------------
Partition Resource Summary:
---------------------------

  No Partitions were found in this design.

---------------------------


=========================================================================
TIMING REPORT

NOTE: THESE TIMING NUMBERS ARE ONLY A SYNTHESIS ESTIMATE.
      FOR ACCURATE TIMING INFORMATION PLEASE REFER TO THE TRACE REPORT
      GENERATED AFTER PLACE-and-ROUTE.

Clock Information:
------------------
No clock signals found in this design

Asynchronous Control Signals Information:
----------------------------------------
No asynchronous control signals found in this design

Timing Summary:
---------------
Speed Grade: -4

   Minimum period: No path found
   Minimum input arrival time before clock: No path found
   Maximum output required time after clock: No path found
   Maximum combinational path delay: 15.764ns

Timing Detail:
--------------
All values displayed in nanoseconds (ns)

=========================================================================
Timing constraint: Default path analysis
  Total number of paths / destination ports: 604 / 8
-------------------------------------------------------------------------
Delay:               15.764ns (Levels of Logic = 10)
  Source:            a<1> (PAD)
  Destination:       p<7> (PAD)

  Data Path: a<1> to p<7>
                                Gate     Net
    Cell:in->out      fanout   Delay   Delay  Logical Name (Net Name)
    ----------------------------------------  ------------
     IBUF:I->O             7   1.218   0.883  a_1_IBUF (a_1_IBUF)
     LUT2:I0->O            3   0.704   0.706  fourmult/g1[1].g2[1].g7.cell/temp1 (fourmult/g1[1].g2[1].g7.cell/temp)
     LUT4:I0->O            3   0.704   0.706  fourmult/g1[1].g2[1].g7.cell/c_out1 (fourmult/c<1><2>)
     LUT4:I0->O            3   0.704   0.706  fourmult/g1[1].g2[2].g7.cell/Mxor_ps_out_xo<0>1 (fourmult/p_s<2><1>)
     LUT4:I0->O            2   0.704   0.622  fourmult/g1[2].g2[1].g7.cell/c_out1 (fourmult/c<2><2>)
     LUT4:I0->O            2   0.704   0.526  fourmult/g1[2].g2[2].g7.cell/c_out1 (fourmult/c<2><3>)
     LUT4:I1->O            2   0.704   0.451  fourmult/g1[2].g2[3].g6.cell/Mxor_ps_out_xo<0>1 (fourmult/p_s<3><2>)
     LUT4:I3->O            2   0.704   0.622  fourmult/g1[3].g2[2].g4.cell/c_out1 (fourmult/c<3><3>)
     LUT4:I0->O            1   0.704   0.420  fourmult/g1[3].g2[3].g5.cell/c_out1 (p_7_OBUF)
     OBUF:I->O                 3.272          p_7_OBUF (p<7>)
    ----------------------------------------
    Total                     15.764ns (10.122ns logic, 5.642ns route)
                                       (64.2% logic, 35.8% route)

=========================================================================


Total REAL time to Xst completion: 5.00 secs
Total CPU time to Xst completion: 4.99 secs
 
--> 

Total memory usage is 258332 kilobytes

Number of errors   :    0 (   0 filtered)
Number of warnings :    8 (   0 filtered)
Number of infos    :    0 (   0 filtered)

