Release 14.6 - xst P.68d (nt64)
Copyright (c) 1995-2013 Xilinx, Inc.  All rights reserved.
--> Parameter TMPDIR set to xst/projnav.tmp


Total REAL time to Xst completion: 1.00 secs
Total CPU time to Xst completion: 0.11 secs
 
--> Parameter xsthdpdir set to xst


Total REAL time to Xst completion: 1.00 secs
Total CPU time to Xst completion: 0.11 secs
 
--> Reading design: radixR_adder.prj

TABLE OF CONTENTS
  1) Synthesis Options Summary
  2) HDL Compilation
  3) Design Hierarchy Analysis
  4) HDL Analysis
  5) HDL Synthesis
     5.1) HDL Synthesis Report
  6) Advanced HDL Synthesis
     6.1) Advanced HDL Synthesis Report
  7) Low Level Synthesis
  8) Partition Report
  9) Final Report
	9.1) Device utilization summary
	9.2) Partition Resource Summary
	9.3) TIMING REPORT


=========================================================================
*                      Synthesis Options Summary                        *
=========================================================================
---- Source Parameters
Input File Name                    : "radixR_adder.prj"
Input Format                       : mixed
Ignore Synthesis Constraint File   : NO

---- Target Parameters
Output File Name                   : "radixR_adder"
Output Format                      : NGC
Target Device                      : xc3s100e-4-cp132

---- Source Options
Top Module Name                    : radixR_adder
Automatic FSM Extraction           : YES
FSM Encoding Algorithm             : Auto
Safe Implementation                : No
FSM Style                          : LUT
RAM Extraction                     : Yes
RAM Style                          : Auto
ROM Extraction                     : Yes
Mux Style                          : Auto
Decoder Extraction                 : YES
Priority Encoder Extraction        : Yes
Shift Register Extraction          : YES
Logical Shifter Extraction         : YES
XOR Collapsing                     : YES
ROM Style                          : Auto
Mux Extraction                     : Yes
Resource Sharing                   : YES
Asynchronous To Synchronous        : NO
Multiplier Style                   : Auto
Automatic Register Balancing       : No

---- Target Options
Add IO Buffers                     : YES
Global Maximum Fanout              : 500
Add Generic Clock Buffer(BUFG)     : 24
Register Duplication               : YES
Slice Packing                      : YES
Optimize Instantiated Primitives   : NO
Use Clock Enable                   : Yes
Use Synchronous Set                : Yes
Use Synchronous Reset              : Yes
Pack IO Registers into IOBs        : Auto
Equivalent register Removal        : YES

---- General Options
Optimization Goal                  : Speed
Optimization Effort                : 1
Keep Hierarchy                     : No
Netlist Hierarchy                  : As_Optimized
RTL Output                         : Yes
Global Optimization                : AllClockNets
Read Cores                         : YES
Write Timing Constraints           : NO
Cross Clock Analysis               : NO
Hierarchy Separator                : /
Bus Delimiter                      : <>
Case Specifier                     : Maintain
Slice Utilization Ratio            : 100
BRAM Utilization Ratio             : 100
Verilog 2001                       : YES
Auto BRAM Packing                  : NO
Slice Utilization Ratio Delta      : 5

=========================================================================


=========================================================================
*                          HDL Compilation                              *
=========================================================================
Compiling vhdl file "//dunx1.irt.drexel.edu/mkm84/ECEC 302/radixR_adder/radixR_adder.vhd" in Library work.
Entity <radixr_adder> compiled.
Entity <radixr_adder> (Architecture <behavioral>) compiled.

=========================================================================
*                     Design Hierarchy Analysis                         *
=========================================================================
Analyzing hierarchy for entity <radixR_adder> in library <work> (architecture <behavioral>) with generics.
	n = 3
	r = 5


=========================================================================
*                            HDL Analysis                               *
=========================================================================
Analyzing generic Entity <radixR_adder> in library <work> (Architecture <behavioral>).
	n = 3
	r = 5
WARNING:Xst:1610 - "//dunx1.irt.drexel.edu/mkm84/ECEC 302/radixR_adder/radixR_adder.vhd" line 50: Width mismatch. <z> has a width of 3 bits but assigned expression is 4-bit wide.
Entity <radixR_adder> analyzed. Unit <radixR_adder> generated.


=========================================================================
*                           HDL Synthesis                               *
=========================================================================

Performing bidirectional port resolution...

Synthesizing Unit <radixR_adder>.
    Related source file is "//dunx1.irt.drexel.edu/mkm84/ECEC 302/radixR_adder/radixR_adder.vhd".
WARNING:Xst:646 - Signal <temp_out<3>> is assigned but never used. This unconnected signal will be trimmed during the optimization process.
    Found finite state machine <FSM_0> for signal <dbns>.
    -----------------------------------------------------------------------
    | States             | 3                                              |
    | Transitions        | 5                                              |
    | Inputs             | 2                                              |
    | Outputs            | 1                                              |
    | Clock              | ck                        (rising_edge)        |
    | Power Up State     | ready                                          |
    | Encoding           | automatic                                      |
    | Implementation     | LUT                                            |
    -----------------------------------------------------------------------
    Found 4-bit adder for signal <add0000$add0000> created at line 57.
    Found 1-bit register for signal <ck1>.
    Found 1-bit register for signal <n_s<0>>.
    Found 5-bit comparator greater for signal <n_s_0$cmp_gt0000> created at line 69.
    Found 5-bit comparator less for signal <n_s_0$cmp_lt0000> created at line 58.
    Found 4-bit register for signal <temp_out>.
    Found 4-bit subtractor for signal <temp_out$addsub0000> created at line 71.
    Found 4-bit addsub for signal <temp_out$share0000>.
    Summary:
	inferred   1 Finite State Machine(s).
	inferred   6 D-type flip-flop(s).
	inferred   3 Adder/Subtractor(s).
	inferred   2 Comparator(s).
Unit <radixR_adder> synthesized.

INFO:Xst:1767 - HDL ADVISOR - Resource sharing has identified that some arithmetic operations in this design can share the same physical resources for reduced device utilization. For improved clock frequency you may try to disable resource sharing.

=========================================================================
HDL Synthesis Report

Macro Statistics
# Adders/Subtractors                                   : 3
 4-bit adder                                           : 1
 4-bit addsub                                          : 1
 4-bit subtractor                                      : 1
# Registers                                            : 3
 1-bit register                                        : 2
 4-bit register                                        : 1
# Comparators                                          : 2
 5-bit comparator greater                              : 1
 5-bit comparator less                                 : 1

=========================================================================

=========================================================================
*                       Advanced HDL Synthesis                          *
=========================================================================

Analyzing FSM <FSM_0> for best encoding.
Optimizing FSM <dbns/FSM> on signal <dbns[1:2]> with user encoding.
-----------------------
 State     | Encoding
-----------------------
 ready     | 00
 one_en    | 01
 not_ready | 10
-----------------------
WARNING:Xst:2677 - Node <temp_out_3> of sequential type is unconnected in block <radixR_adder>.
WARNING:Xst:2677 - Node <temp_out_3> of sequential type is unconnected in block <radixR_adder>.

=========================================================================
Advanced HDL Synthesis Report

Macro Statistics
# FSMs                                                 : 1
# Adders/Subtractors                                   : 3
 4-bit adder                                           : 1
 4-bit addsub                                          : 1
 4-bit subtractor                                      : 1
# Registers                                            : 5
 Flip-Flops                                            : 5
# Comparators                                          : 2
 5-bit comparator greater                              : 1
 5-bit comparator less                                 : 1

=========================================================================

=========================================================================
*                         Low Level Synthesis                           *
=========================================================================

Optimizing unit <radixR_adder> ...

Mapping all equations...
Building and optimizing final netlist ...
Found area constraint ratio of 100 (+ 5) on block radixR_adder, actual ratio is 1.

Final Macro Processing ...

=========================================================================
Final Register Report

Macro Statistics
# Registers                                            : 7
 Flip-Flops                                            : 7

=========================================================================

=========================================================================
*                           Partition Report                            *
=========================================================================

Partition Implementation Status
-------------------------------

  No Partitions were found in this design.

-------------------------------

=========================================================================
*                            Final Report                               *
=========================================================================
Final Results
RTL Top Level Output File Name     : radixR_adder.ngr
Top Level Output File Name         : radixR_adder
Output Format                      : NGC
Optimization Goal                  : Speed
Keep Hierarchy                     : No

Design Statistics
# IOs                              : 13

Cell Usage :
# BELS                             : 23
#      GND                         : 1
#      LUT2                        : 3
#      LUT3                        : 6
#      LUT4                        : 9
#      LUT4_D                      : 2
#      LUT4_L                      : 2
# FlipFlops/Latches                : 7
#      FD                          : 4
#      FDR                         : 1
#      FDS                         : 1
#      FDSE                        : 1
# Clock Buffers                    : 1
#      BUFGP                       : 1
# IO Buffers                       : 12
#      IBUF                        : 9
#      OBUF                        : 3
=========================================================================

Device utilization summary:
---------------------------

Selected Device : 3s100ecp132-4 

 Number of Slices:                       12  out of    960     1%  
 Number of Slice Flip Flops:              7  out of   1920     0%  
 Number of 4 input LUTs:                 22  out of   1920     1%  
 Number of IOs:                          13
 Number of bonded IOBs:                  13  out of     83    15%  
 Number of GCLKs:                         1  out of     24     4%  

---------------------------
Partition Resource Summary:
---------------------------

  No Partitions were found in this design.

---------------------------


=========================================================================
TIMING REPORT

NOTE: THESE TIMING NUMBERS ARE ONLY A SYNTHESIS ESTIMATE.
      FOR ACCURATE TIMING INFORMATION PLEASE REFER TO THE TRACE REPORT
      GENERATED AFTER PLACE-and-ROUTE.

Clock Information:
------------------
-----------------------------------+------------------------+-------+
Clock Signal                       | Clock buffer(FF name)  | Load  |
-----------------------------------+------------------------+-------+
ck                                 | BUFGP                  | 3     |
ck1                                | NONE(n_s_0)            | 4     |
-----------------------------------+------------------------+-------+
INFO:Xst:2169 - HDL ADVISOR - Some clock signals were not automatically buffered by XST with BUFG/BUFR resources. Please use the buffer_type constraint in order to insert these buffers to the clock signals to help prevent skew problems.

Asynchronous Control Signals Information:
----------------------------------------
No asynchronous control signals found in this design

Timing Summary:
---------------
Speed Grade: -4

   Minimum period: 4.745ns (Maximum Frequency: 210.748MHz)
   Minimum input arrival time before clock: 8.153ns
   Maximum output required time after clock: 4.283ns
   Maximum combinational path delay: No path found

Timing Detail:
--------------
All values displayed in nanoseconds (ns)

=========================================================================
Timing constraint: Default period analysis for Clock 'ck'
  Clock period: 2.213ns (frequency: 451.875MHz)
  Total number of paths / destination ports: 4 / 4
-------------------------------------------------------------------------
Delay:               2.213ns (Levels of Logic = 1)
  Source:            dbns_FSM_FFd2 (FF)
  Destination:       dbns_FSM_FFd2 (FF)
  Source Clock:      ck rising
  Destination Clock: ck rising

  Data Path: dbns_FSM_FFd2 to dbns_FSM_FFd2
                                Gate     Net
    Cell:in->out      fanout   Delay   Delay  Logical Name (Net Name)
    ----------------------------------------  ------------
     FDR:C->Q              3   0.591   0.610  dbns_FSM_FFd2 (dbns_FSM_FFd2)
     LUT2:I1->O            1   0.704   0.000  dbns_FSM_FFd2-In11 (dbns_FSM_FFd2-In1)
     FDR:D                     0.308          dbns_FSM_FFd2
    ----------------------------------------
    Total                      2.213ns (1.603ns logic, 0.610ns route)
                                       (72.4% logic, 27.6% route)

=========================================================================
Timing constraint: Default period analysis for Clock 'ck1'
  Clock period: 4.745ns (frequency: 210.748MHz)
  Total number of paths / destination ports: 12 / 5
-------------------------------------------------------------------------
Delay:               4.745ns (Levels of Logic = 3)
  Source:            n_s_0 (FF)
  Destination:       temp_out_2 (FF)
  Source Clock:      ck1 rising
  Destination Clock: ck1 rising

  Data Path: n_s_0 to temp_out_2
                                Gate     Net
    Cell:in->out      fanout   Delay   Delay  Logical Name (Net Name)
    ----------------------------------------  ------------
     FD:C->Q               9   0.591   0.824  n_s_0 (n_s_0)
     LUT4_D:I3->O          1   0.704   0.455  temp_out_mux0003<0>1 (temp_out_mux0003<0>)
     LUT3:I2->O            1   0.704   0.455  temp_out_mux0002<2>711_SW0 (N9)
     LUT3:I2->O            1   0.704   0.000  temp_out_mux0002<2>711 (temp_out_mux0002<2>71)
     FDS:D                     0.308          temp_out_2
    ----------------------------------------
    Total                      4.745ns (3.011ns logic, 1.734ns route)
                                       (63.5% logic, 36.5% route)

=========================================================================
Timing constraint: Default OFFSET IN BEFORE for Clock 'ck1'
  Total number of paths / destination ports: 183 / 5
-------------------------------------------------------------------------
Offset:              8.153ns (Levels of Logic = 5)
  Source:            x<0> (PAD)
  Destination:       temp_out_2 (FF)
  Destination Clock: ck1 rising

  Data Path: x<0> to temp_out_2
                                Gate     Net
    Cell:in->out      fanout   Delay   Delay  Logical Name (Net Name)
    ----------------------------------------  ------------
     IBUF:I->O             6   1.218   0.748  x_0_IBUF (x_0_IBUF)
     LUT4:I1->O            5   0.704   0.668  Madd_add0000_add0000_cy<1>11 (Madd_add0000_add0000_cy<1>)
     LUT3:I2->O            4   0.704   0.666  Madd_add0000_add0000_cy<2>11 (Madd_add0000_add0000_cy<2>)
     LUT3:I1->O            3   0.704   0.706  n_s_0_or0000 (n_s_0_or0000)
     LUT4:I0->O            1   0.704   0.420  temp_out_mux0002<2>5 (temp_out_mux0002<2>5)
     FDS:S                     0.911          temp_out_2
    ----------------------------------------
    Total                      8.153ns (4.945ns logic, 3.208ns route)
                                       (60.7% logic, 39.3% route)

=========================================================================
Timing constraint: Default OFFSET IN BEFORE for Clock 'ck'
  Total number of paths / destination ports: 2 / 2
-------------------------------------------------------------------------
Offset:              2.825ns (Levels of Logic = 2)
  Source:            b1 (PAD)
  Destination:       dbns_FSM_FFd2 (FF)
  Destination Clock: ck rising

  Data Path: b1 to dbns_FSM_FFd2
                                Gate     Net
    Cell:in->out      fanout   Delay   Delay  Logical Name (Net Name)
    ----------------------------------------  ------------
     IBUF:I->O             1   1.218   0.595  b1_IBUF (b1_IBUF)
     LUT2:I0->O            1   0.704   0.000  dbns_FSM_FFd2-In11 (dbns_FSM_FFd2-In1)
     FDR:D                     0.308          dbns_FSM_FFd2
    ----------------------------------------
    Total                      2.825ns (2.230ns logic, 0.595ns route)
                                       (78.9% logic, 21.1% route)

=========================================================================
Timing constraint: Default OFFSET OUT AFTER for Clock 'ck1'
  Total number of paths / destination ports: 3 / 3
-------------------------------------------------------------------------
Offset:              4.283ns (Levels of Logic = 1)
  Source:            temp_out_2 (FF)
  Destination:       z<2> (PAD)
  Source Clock:      ck1 rising

  Data Path: temp_out_2 to z<2>
                                Gate     Net
    Cell:in->out      fanout   Delay   Delay  Logical Name (Net Name)
    ----------------------------------------  ------------
     FDS:C->Q              1   0.591   0.420  temp_out_2 (temp_out_2)
     OBUF:I->O                 3.272          z_2_OBUF (z<2>)
    ----------------------------------------
    Total                      4.283ns (3.863ns logic, 0.420ns route)
                                       (90.2% logic, 9.8% route)

=========================================================================


Total REAL time to Xst completion: 5.00 secs
Total CPU time to Xst completion: 4.34 secs
 
--> 

Total memory usage is 261352 kilobytes

Number of errors   :    0 (   0 filtered)
Number of warnings :    4 (   0 filtered)
Number of infos    :    2 (   0 filtered)

