--------------------------------------------------------------------------------
Release 14.6 Trace  (nt64)
Copyright (c) 1995-2013 Xilinx, Inc.  All rights reserved.

C:\Xilinx\14.6\ISE_DS\ISE\bin\nt64\unwrapped\trce.exe -intstyle ise -v 3 -s 4
-n 3 -fastpaths -xml multiplexor.twx multiplexor.ncd -o multiplexor.twr
multiplexor.pcf -ucf multiplexor.ucf

Design file:              multiplexor.ncd
Physical constraint file: multiplexor.pcf
Device,package,speed:     xc3s100e,cp132,-4 (PRODUCTION 1.27 2013-06-08)
Report level:             verbose report

Environment Variable      Effect 
--------------------      ------ 
NONE                      No environment variables were set
--------------------------------------------------------------------------------

INFO:Timing:2698 - No timing constraints found, doing default enumeration.
INFO:Timing:3412 - To improve timing, see the Timing Closure User Guide (UG612).
INFO:Timing:2752 - To get complete path coverage, use the unconstrained paths 
   option. All paths that are not constrained will be reported in the 
   unconstrained paths section(s) of the report.
INFO:Timing:3339 - The clock-to-out numbers in this timing report are based on 
   a 50 Ohm transmission line loading model.  For the details of this model, 
   and for more information on accounting for different loading conditions, 
   please see the device datasheet.
INFO:Timing:3390 - This architecture does not support a default System Jitter 
   value, please add SYSTEM_JITTER constraint to the UCF to modify the Clock 
   Uncertainty calculation.
INFO:Timing:3389 - This architecture does not support 'Discrete Jitter' and 
   'Phase Error' calculations, these terms will be zero in the Clock 
   Uncertainty calculation.  Please make appropriate modification to 
   SYSTEM_JITTER to account for the unsupported Discrete Jitter and Phase 
   Error.



Data Sheet report:
-----------------
All values displayed in nanoseconds (ns)

Pad to Pad
---------------+---------------+---------+
Source Pad     |Destination Pad|  Delay  |
---------------+---------------+---------+
sel<0>         |z              |    8.958|
sel<0>         |z_L            |    9.136|
sel<1>         |z              |    9.138|
sel<1>         |z_L            |   10.125|
sel<2>         |z              |    8.195|
sel<2>         |z_L            |    9.247|
x<0>           |z              |    9.099|
x<0>           |z_L            |   10.124|
x<1>           |z              |    7.219|
x<1>           |z_L            |    7.929|
x<2>           |z              |    8.857|
x<2>           |z_L            |    9.851|
x<3>           |z              |    7.584|
x<3>           |z_L            |    8.247|
x<4>           |z              |    8.275|
x<4>           |z_L            |    8.780|
---------------+---------------+---------+


Analysis completed Tue Apr 01 17:14:53 2014 
--------------------------------------------------------------------------------

Trace Settings:
-------------------------
Trace Settings 

Peak Memory Usage: 147 MB



