Release 14.6 - xst P.68d (nt64)
Copyright (c) 1995-2013 Xilinx, Inc.  All rights reserved.
--> Parameter TMPDIR set to xst/projnav.tmp


Total REAL time to Xst completion: 0.00 secs
Total CPU time to Xst completion: 0.10 secs
 
--> Parameter xsthdpdir set to xst


Total REAL time to Xst completion: 0.00 secs
Total CPU time to Xst completion: 0.11 secs
 
--> Reading design: mult3.prj

TABLE OF CONTENTS
  1) Synthesis Options Summary
  2) HDL Compilation
  3) Design Hierarchy Analysis
  4) HDL Analysis
  5) HDL Synthesis
     5.1) HDL Synthesis Report
  6) Advanced HDL Synthesis
     6.1) Advanced HDL Synthesis Report
  7) Low Level Synthesis
  8) Partition Report
  9) Final Report
	9.1) Device utilization summary
	9.2) Partition Resource Summary
	9.3) TIMING REPORT


=========================================================================
*                      Synthesis Options Summary                        *
=========================================================================
---- Source Parameters
Input File Name                    : "mult3.prj"
Input Format                       : mixed
Ignore Synthesis Constraint File   : NO

---- Target Parameters
Output File Name                   : "mult3"
Output Format                      : NGC
Target Device                      : xc3s100e-4-cp132

---- Source Options
Top Module Name                    : mult3
Automatic FSM Extraction           : YES
FSM Encoding Algorithm             : Auto
Safe Implementation                : No
FSM Style                          : LUT
RAM Extraction                     : Yes
RAM Style                          : Auto
ROM Extraction                     : Yes
Mux Style                          : Auto
Decoder Extraction                 : YES
Priority Encoder Extraction        : Yes
Shift Register Extraction          : YES
Logical Shifter Extraction         : YES
XOR Collapsing                     : YES
ROM Style                          : Auto
Mux Extraction                     : Yes
Resource Sharing                   : YES
Asynchronous To Synchronous        : NO
Multiplier Style                   : Auto
Automatic Register Balancing       : No

---- Target Options
Add IO Buffers                     : YES
Global Maximum Fanout              : 100000
Add Generic Clock Buffer(BUFG)     : 24
Register Duplication               : YES
Slice Packing                      : YES
Optimize Instantiated Primitives   : NO
Use Clock Enable                   : Yes
Use Synchronous Set                : Yes
Use Synchronous Reset              : Yes
Pack IO Registers into IOBs        : Auto
Equivalent register Removal        : YES

---- General Options
Optimization Goal                  : Speed
Optimization Effort                : 1
Keep Hierarchy                     : No
Netlist Hierarchy                  : As_Optimized
RTL Output                         : Yes
Global Optimization                : AllClockNets
Read Cores                         : YES
Write Timing Constraints           : NO
Cross Clock Analysis               : NO
Hierarchy Separator                : /
Bus Delimiter                      : <>
Case Specifier                     : Maintain
Slice Utilization Ratio            : 100
BRAM Utilization Ratio             : 100
Verilog 2001                       : YES
Auto BRAM Packing                  : NO
Slice Utilization Ratio Delta      : 5

=========================================================================


=========================================================================
*                          HDL Compilation                              *
=========================================================================
Compiling vhdl file "//dunx1.irt.drexel.edu/mkm84/pipeline_mult/DFF.vhd" in Library work.
Architecture beh of Entity dff is up to date.
Compiling vhdl file "//dunx1.irt.drexel.edu/mkm84/pipeline_mult/pe.vhd" in Library work.
Architecture beh of Entity pe is up to date.
Compiling vhdl file "//dunx1.irt.drexel.edu/mkm84/pipeline_mult/pipe_mult.vhd" in Library work.
Entity <pipe_mult> compiled.
Entity <pipe_mult> (Architecture <struc>) compiled.
Compiling vhdl file "//dunx1.irt.drexel.edu/mkm84/pipeline_mult/mult3.vhd" in Library work.
Architecture behavioral of Entity mult3 is up to date.

=========================================================================
*                     Design Hierarchy Analysis                         *
=========================================================================
Analyzing hierarchy for entity <mult3> in library <work> (architecture <behavioral>).

Analyzing hierarchy for entity <pipe_mult> in library <work> (architecture <struc>) with generics.
	N = 4

Analyzing hierarchy for entity <DFF> in library <work> (architecture <beh>).

Analyzing hierarchy for entity <pe> in library <work> (architecture <beh>).


=========================================================================
*                            HDL Analysis                               *
=========================================================================
Analyzing Entity <mult3> in library <work> (Architecture <behavioral>).
Entity <mult3> analyzed. Unit <mult3> generated.

Analyzing generic Entity <pipe_mult> in library <work> (Architecture <struc>).
	N = 4
WARNING:Xst:753 - "//dunx1.irt.drexel.edu/mkm84/pipeline_mult/pipe_mult.vhd" line 43: Unconnected output port 'y_out' of component 'pe'.
Entity <pipe_mult> analyzed. Unit <pipe_mult> generated.

Analyzing Entity <DFF> in library <work> (Architecture <beh>).
Entity <DFF> analyzed. Unit <DFF> generated.

Analyzing Entity <pe> in library <work> (Architecture <beh>).
Entity <pe> analyzed. Unit <pe> generated.


=========================================================================
*                           HDL Synthesis                               *
=========================================================================

Performing bidirectional port resolution...

Synthesizing Unit <DFF>.
    Related source file is "//dunx1.irt.drexel.edu/mkm84/pipeline_mult/DFF.vhd".
WARNING:Xst:2110 - Clock of register <Q> seems to be also used in the data or control logic of that element.
    Found 1-bit register for signal <Q>.
    Summary:
	inferred   1 D-type flip-flop(s).
Unit <DFF> synthesized.


Synthesizing Unit <pe>.
    Related source file is "//dunx1.irt.drexel.edu/mkm84/pipeline_mult/pe.vhd".
    Found 1-bit xor3 for signal <sum>.
    Found 1-bit register for signal <tmp1>.
    Found 1-bit register for signal <tmp2>.
    Found 1-bit register for signal <tmp3>.
    Summary:
	inferred   3 D-type flip-flop(s).
	inferred   1 Xor(s).
Unit <pe> synthesized.


Synthesizing Unit <pipe_mult>.
    Related source file is "//dunx1.irt.drexel.edu/mkm84/pipeline_mult/pipe_mult.vhd".
    Found finite state machine <FSM_0> for signal <n_s>.
    -----------------------------------------------------------------------
    | States             | 3                                              |
    | Transitions        | 5                                              |
    | Inputs             | 2                                              |
    | Outputs            | 1                                              |
    | Clock              | ck                        (rising_edge)        |
    | Power Up State     | ready                                          |
    | Encoding           | automatic                                      |
    | Implementation     | LUT                                            |
    -----------------------------------------------------------------------
    Found 1-bit register for signal <en>.
    Summary:
	inferred   1 Finite State Machine(s).
	inferred   1 D-type flip-flop(s).
Unit <pipe_mult> synthesized.


Synthesizing Unit <mult3>.
    Related source file is "//dunx1.irt.drexel.edu/mkm84/pipeline_mult/mult3.vhd".
Unit <mult3> synthesized.


=========================================================================
HDL Synthesis Report

Macro Statistics
# Registers                                            : 14
 1-bit register                                        : 14
# Xors                                                 : 4
 1-bit xor3                                            : 4

=========================================================================

=========================================================================
*                       Advanced HDL Synthesis                          *
=========================================================================

Analyzing FSM <FSM_0> for best encoding.
Optimizing FSM <threemult/n_s/FSM> on signal <n_s[1:2]> with user encoding.
-----------------------
 State     | Encoding
-----------------------
 ready     | 00
 one_en    | 01
 not_ready | 10
-----------------------

=========================================================================
Advanced HDL Synthesis Report

Macro Statistics
# FSMs                                                 : 1
# Registers                                            : 14
 Flip-Flops                                            : 14
# Xors                                                 : 4
 1-bit xor3                                            : 4

=========================================================================

=========================================================================
*                         Low Level Synthesis                           *
=========================================================================
WARNING:Xst:2677 - Node <threemult/g1[3].g4.cell/tmp1> of sequential type is unconnected in block <mult3>.

Optimizing unit <mult3> ...

Mapping all equations...
Building and optimizing final netlist ...
Found area constraint ratio of 100 (+ 5) on block mult3, actual ratio is 0.

Final Macro Processing ...

=========================================================================
Final Register Report

Macro Statistics
# Registers                                            : 15
 Flip-Flops                                            : 15

=========================================================================

=========================================================================
*                           Partition Report                            *
=========================================================================

Partition Implementation Status
-------------------------------

  No Partitions were found in this design.

-------------------------------

=========================================================================
*                            Final Report                               *
=========================================================================
Final Results
RTL Top Level Output File Name     : mult3.ngr
Top Level Output File Name         : mult3
Output Format                      : NGC
Optimization Goal                  : Speed
Keep Hierarchy                     : No

Design Statistics
# IOs                              : 10

Cell Usage :
# BELS                             : 11
#      GND                         : 1
#      LUT2                        : 2
#      LUT3                        : 2
#      LUT4                        : 6
# FlipFlops/Latches                : 15
#      FD                          : 1
#      FDR                         : 13
#      FDSE                        : 1
# Clock Buffers                    : 1
#      BUFGP                       : 1
# IO Buffers                       : 9
#      IBUF                        : 8
#      OBUF                        : 1
=========================================================================

Device utilization summary:
---------------------------

Selected Device : 3s100ecp132-4 

 Number of Slices:                        8  out of    960     0%  
 Number of Slice Flip Flops:             15  out of   1920     0%  
 Number of 4 input LUTs:                 10  out of   1920     0%  
 Number of IOs:                          10
 Number of bonded IOBs:                  10  out of     83    12%  
 Number of GCLKs:                         1  out of     24     4%  

---------------------------
Partition Resource Summary:
---------------------------

  No Partitions were found in this design.

---------------------------


=========================================================================
TIMING REPORT

NOTE: THESE TIMING NUMBERS ARE ONLY A SYNTHESIS ESTIMATE.
      FOR ACCURATE TIMING INFORMATION PLEASE REFER TO THE TRACE REPORT
      GENERATED AFTER PLACE-and-ROUTE.

Clock Information:
------------------
-----------------------------------+------------------------+-------+
Clock Signal                       | Clock buffer(FF name)  | Load  |
-----------------------------------+------------------------+-------+
threemult/en                       | NONE(threemult/D/Q)    | 12    |
ck                                 | BUFGP                  | 3     |
-----------------------------------+------------------------+-------+
INFO:Xst:2169 - HDL ADVISOR - Some clock signals were not automatically buffered by XST with BUFG/BUFR resources. Please use the buffer_type constraint in order to insert these buffers to the clock signals to help prevent skew problems.

Asynchronous Control Signals Information:
----------------------------------------
No asynchronous control signals found in this design

Timing Summary:
---------------
Speed Grade: -4

   Minimum period: 2.213ns (Maximum Frequency: 451.875MHz)
   Minimum input arrival time before clock: 3.090ns
   Maximum output required time after clock: 4.283ns
   Maximum combinational path delay: No path found

Timing Detail:
--------------
All values displayed in nanoseconds (ns)

=========================================================================
Timing constraint: Default period analysis for Clock 'threemult/en'
  Clock period: 2.138ns (frequency: 467.727MHz)
  Total number of paths / destination ports: 23 / 11
-------------------------------------------------------------------------
Delay:               2.138ns (Levels of Logic = 1)
  Source:            threemult/g1[1].g3.cell/tmp1 (FF)
  Destination:       threemult/g1[2].g3.cell/tmp3 (FF)
  Source Clock:      threemult/en rising
  Destination Clock: threemult/en rising

  Data Path: threemult/g1[1].g3.cell/tmp1 to threemult/g1[2].g3.cell/tmp3
                                Gate     Net
    Cell:in->out      fanout   Delay   Delay  Logical Name (Net Name)
    ----------------------------------------  ------------
     FDR:C->Q              3   0.591   0.535  threemult/g1[1].g3.cell/tmp1 (threemult/g1[1].g3.cell/tmp1)
     LUT4:I3->O            1   0.704   0.000  threemult/g1[2].g3.cell/carry1 (threemult/g1[2].g3.cell/carry)
     FDR:D                     0.308          threemult/g1[2].g3.cell/tmp2
    ----------------------------------------
    Total                      2.138ns (1.603ns logic, 0.535ns route)
                                       (75.0% logic, 25.0% route)

=========================================================================
Timing constraint: Default period analysis for Clock 'ck'
  Clock period: 2.213ns (frequency: 451.875MHz)
  Total number of paths / destination ports: 4 / 4
-------------------------------------------------------------------------
Delay:               2.213ns (Levels of Logic = 1)
  Source:            threemult/n_s_FSM_FFd2 (FF)
  Destination:       threemult/n_s_FSM_FFd2 (FF)
  Source Clock:      ck rising
  Destination Clock: ck rising

  Data Path: threemult/n_s_FSM_FFd2 to threemult/n_s_FSM_FFd2
                                Gate     Net
    Cell:in->out      fanout   Delay   Delay  Logical Name (Net Name)
    ----------------------------------------  ------------
     FDR:C->Q              3   0.591   0.610  threemult/n_s_FSM_FFd2 (threemult/n_s_FSM_FFd2)
     LUT2:I1->O            1   0.704   0.000  threemult/n_s_FSM_FFd2-In11 (threemult/n_s_FSM_FFd2-In1)
     FDR:D                     0.308          threemult/n_s_FSM_FFd2
    ----------------------------------------
    Total                      2.213ns (1.603ns logic, 0.610ns route)
                                       (72.4% logic, 27.6% route)

=========================================================================
Timing constraint: Default OFFSET IN BEFORE for Clock 'threemult/en'
  Total number of paths / destination ports: 23 / 21
-------------------------------------------------------------------------
Offset:              3.090ns (Levels of Logic = 1)
  Source:            reset (PAD)
  Destination:       threemult/D/Q (FF)
  Destination Clock: threemult/en rising

  Data Path: reset to threemult/D/Q
                                Gate     Net
    Cell:in->out      fanout   Delay   Delay  Logical Name (Net Name)
    ----------------------------------------  ------------
     IBUF:I->O            12   1.218   0.961  reset_IBUF (reset_IBUF)
     FDR:R                     0.911          threemult/D/Q
    ----------------------------------------
    Total                      3.090ns (2.129ns logic, 0.961ns route)
                                       (68.9% logic, 31.1% route)

=========================================================================
Timing constraint: Default OFFSET IN BEFORE for Clock 'ck'
  Total number of paths / destination ports: 2 / 2
-------------------------------------------------------------------------
Offset:              2.825ns (Levels of Logic = 2)
  Source:            b1 (PAD)
  Destination:       threemult/n_s_FSM_FFd2 (FF)
  Destination Clock: ck rising

  Data Path: b1 to threemult/n_s_FSM_FFd2
                                Gate     Net
    Cell:in->out      fanout   Delay   Delay  Logical Name (Net Name)
    ----------------------------------------  ------------
     IBUF:I->O             1   1.218   0.595  b1_IBUF (b1_IBUF)
     LUT2:I0->O            1   0.704   0.000  threemult/n_s_FSM_FFd2-In11 (threemult/n_s_FSM_FFd2-In1)
     FDR:D                     0.308          threemult/n_s_FSM_FFd2
    ----------------------------------------
    Total                      2.825ns (2.230ns logic, 0.595ns route)
                                       (78.9% logic, 21.1% route)

=========================================================================
Timing constraint: Default OFFSET OUT AFTER for Clock 'threemult/en'
  Total number of paths / destination ports: 1 / 1
-------------------------------------------------------------------------
Offset:              4.283ns (Levels of Logic = 1)
  Source:            threemult/g1[0].g2.cell/tmp3 (FF)
  Destination:       z (PAD)
  Source Clock:      threemult/en rising

  Data Path: threemult/g1[0].g2.cell/tmp3 to z
                                Gate     Net
    Cell:in->out      fanout   Delay   Delay  Logical Name (Net Name)
    ----------------------------------------  ------------
     FDR:C->Q              1   0.591   0.420  threemult/g1[0].g2.cell/tmp3 (threemult/g1[0].g2.cell/tmp3)
     OBUF:I->O                 3.272          z_OBUF (z)
    ----------------------------------------
    Total                      4.283ns (3.863ns logic, 0.420ns route)
                                       (90.2% logic, 9.8% route)

=========================================================================


Total REAL time to Xst completion: 5.00 secs
Total CPU time to Xst completion: 4.62 secs
 
--> 

Total memory usage is 257244 kilobytes

Number of errors   :    0 (   0 filtered)
Number of warnings :    3 (   0 filtered)
Number of infos    :    1 (   0 filtered)

