INFO:sim:172 - Generating IP...
Resolving generics for 'accum'...
Applying external generics to 'accum'...
Delivering associated files for 'accum'...
Generating implementation netlist for 'accum'...
INFO:sim - Pre-processing HDL files for 'accum'...
Running synthesis for 'accum'
Running ngcbuild...
Writing VHO instantiation template for 'accum'...
Writing VHDL behavioral simulation model for 'accum'...
Delivered 3 files into directory Z:/ECEC
302/accumulator/ipcore_dir/tmp/_cg/accum
Delivered 1 file into directory Z:/ECEC 302/accumulator/ipcore_dir/tmp/_cg/accum
Generating ASY schematic symbol...
INFO:sim:949 - Finished generation of ASY schematic symbol.
Generating SYM schematic symbol for 'accum'...
Generating metadata file...
Generating ISE project file for 'accum'...
Generating ISE project...
XCO file found: accum.xco
XMDF file found: accum_xmdf.tcl
Adding Z:/ECEC 302/accumulator/ipcore_dir/tmp/_cg/accum.asy -view all
-origin_type imported
Adding Z:/ECEC 302/accumulator/ipcore_dir/tmp/_cg/accum.ngc -view all
-origin_type created
Checking file "Z:/ECEC 302/accumulator/ipcore_dir/tmp/_cg/accum.ngc" for project
device match ...
File "Z:/ECEC 302/accumulator/ipcore_dir/tmp/_cg/accum.ngc" device information
matches project device.
Adding Z:/ECEC 302/accumulator/ipcore_dir/tmp/_cg/accum.sym -view all
-origin_type imported
Adding Z:/ECEC 302/accumulator/ipcore_dir/tmp/_cg/accum.vhd -view all
-origin_type created
INFO:HDLCompiler:1061 - Parsing VHDL file "Z:/ECEC
   302/accumulator/ipcore_dir/tmp/_cg/accum.vhd" into library work
INFO:ProjectMgmt - Parsing design hierarchy completed successfully.
Adding Z:/ECEC 302/accumulator/ipcore_dir/tmp/_cg/accum.vho -view all
-origin_type imported
Adding Z:/ECEC 302/accumulator/ipcore_dir/tmp/_cg/core_resources.txt -view all
-origin_type imported
Adding Z:/ECEC 302/accumulator/ipcore_dir/tmp/_cg/gui_latency.txt -view all
-origin_type imported
INFO:TclTasksC:2116 - The automatic calculation of top has been turned-off.
   Please set the new top explicitly by running the "project set top" command.
   To re-calculate the new top automatically, set the "Auto Implementation Top"
   property to true.
Top level has been set to "/accum"
Generating README file...
Generating FLIST file...
INFO:sim:948 - Finished FLIST file generation.
Launching README viewer...
Moving files to output directory...
Finished moving files to output directory
Wrote CGP file for project 'accum'.
