Release 14.6 - xst P.68d (nt64)
Copyright (c) 1995-2013 Xilinx, Inc.  All rights reserved.
--> Parameter TMPDIR set to xst/projnav.tmp


Total REAL time to Xst completion: 1.00 secs
Total CPU time to Xst completion: 0.11 secs
 
--> Parameter xsthdpdir set to xst


Total REAL time to Xst completion: 1.00 secs
Total CPU time to Xst completion: 0.11 secs
 
--> Reading design: myaccum.prj

TABLE OF CONTENTS
  1) Synthesis Options Summary
  2) HDL Compilation
  3) Design Hierarchy Analysis
  4) HDL Analysis
  5) HDL Synthesis
     5.1) HDL Synthesis Report
  6) Advanced HDL Synthesis
     6.1) Advanced HDL Synthesis Report
  7) Low Level Synthesis
  8) Partition Report
  9) Final Report
	9.1) Device utilization summary
	9.2) Partition Resource Summary
	9.3) TIMING REPORT


=========================================================================
*                      Synthesis Options Summary                        *
=========================================================================
---- Source Parameters
Input File Name                    : "myaccum.prj"
Input Format                       : mixed
Ignore Synthesis Constraint File   : NO

---- Target Parameters
Output File Name                   : "myaccum"
Output Format                      : NGC
Target Device                      : xc3s100e-4-cp132

---- Source Options
Top Module Name                    : myaccum
Automatic FSM Extraction           : YES
FSM Encoding Algorithm             : Auto
Safe Implementation                : No
FSM Style                          : LUT
RAM Extraction                     : Yes
RAM Style                          : Auto
ROM Extraction                     : Yes
Mux Style                          : Auto
Decoder Extraction                 : YES
Priority Encoder Extraction        : Yes
Shift Register Extraction          : YES
Logical Shifter Extraction         : YES
XOR Collapsing                     : YES
ROM Style                          : Auto
Mux Extraction                     : Yes
Resource Sharing                   : YES
Asynchronous To Synchronous        : NO
Multiplier Style                   : Auto
Automatic Register Balancing       : No

---- Target Options
Add IO Buffers                     : YES
Global Maximum Fanout              : 500
Add Generic Clock Buffer(BUFG)     : 24
Register Duplication               : YES
Slice Packing                      : YES
Optimize Instantiated Primitives   : NO
Use Clock Enable                   : Yes
Use Synchronous Set                : Yes
Use Synchronous Reset              : Yes
Pack IO Registers into IOBs        : Auto
Equivalent register Removal        : YES

---- General Options
Optimization Goal                  : Speed
Optimization Effort                : 1
Keep Hierarchy                     : No
Netlist Hierarchy                  : As_Optimized
RTL Output                         : Yes
Global Optimization                : AllClockNets
Read Cores                         : YES
Write Timing Constraints           : NO
Cross Clock Analysis               : NO
Hierarchy Separator                : /
Bus Delimiter                      : <>
Case Specifier                     : Maintain
Slice Utilization Ratio            : 100
BRAM Utilization Ratio             : 100
Verilog 2001                       : YES
Auto BRAM Packing                  : NO
Slice Utilization Ratio Delta      : 5

---- Other Options
Cores Search Directories           : {"ipcore_dir"  }

=========================================================================


=========================================================================
*                          HDL Compilation                              *
=========================================================================
Compiling vhdl file "//dunx1.irt.drexel.edu/mkm84/ECEC 302/accumulator/ipcore_dir/accum.vhd" in Library work.
Architecture accum_a of Entity accum is up to date.
Compiling vhdl file "//dunx1.irt.drexel.edu/mkm84/ECEC 302/accumulator/myaccum.vhd" in Library work.
Entity <myaccum> compiled.
Entity <myaccum> (Architecture <behavioral>) compiled.

=========================================================================
*                     Design Hierarchy Analysis                         *
=========================================================================
Analyzing hierarchy for entity <myaccum> in library <work> (architecture <behavioral>).


=========================================================================
*                            HDL Analysis                               *
=========================================================================
Analyzing Entity <myaccum> in library <work> (Architecture <behavioral>).
WARNING:Xst:2211 - "//dunx1.irt.drexel.edu/mkm84/ECEC 302/accumulator/myaccum.vhd" line 59: Instantiating black box module <accum>.
Entity <myaccum> analyzed. Unit <myaccum> generated.


=========================================================================
*                           HDL Synthesis                               *
=========================================================================

Performing bidirectional port resolution...

Synthesizing Unit <myaccum>.
    Related source file is "//dunx1.irt.drexel.edu/mkm84/ECEC 302/accumulator/myaccum.vhd".
    Found finite state machine <FSM_0> for signal <db_ns>.
    -----------------------------------------------------------------------
    | States             | 3                                              |
    | Transitions        | 5                                              |
    | Inputs             | 2                                              |
    | Outputs            | 3                                              |
    | Clock              | clk                       (rising_edge)        |
    | Power Up State     | not_rdy                                        |
    | Encoding           | automatic                                      |
    | Implementation     | LUT                                            |
    -----------------------------------------------------------------------
    Found 1-bit register for signal <en>.
    Summary:
	inferred   1 Finite State Machine(s).
	inferred   1 D-type flip-flop(s).
Unit <myaccum> synthesized.


=========================================================================
HDL Synthesis Report

Macro Statistics
# Registers                                            : 1
 1-bit register                                        : 1

=========================================================================

=========================================================================
*                       Advanced HDL Synthesis                          *
=========================================================================

Analyzing FSM <FSM_0> for best encoding.
Optimizing FSM <db_ns/FSM> on signal <db_ns[1:2]> with user encoding.
---------------------
 State   | Encoding
---------------------
 not_rdy | 00
 rdy     | 01
 pulse   | 10
---------------------
Reading core <ipcore_dir/accum.ngc>.
Reading Secure Unit <blk00000001>.
Loading core <accum> for timing and area information for instance <U2>.

=========================================================================
Advanced HDL Synthesis Report

Macro Statistics
# FSMs                                                 : 1
# Registers                                            : 1
 Flip-Flops                                            : 1

=========================================================================

=========================================================================
*                         Low Level Synthesis                           *
=========================================================================

Optimizing unit <myaccum> ...

Mapping all equations...
Building and optimizing final netlist ...
Found area constraint ratio of 100 (+ 5) on block myaccum, actual ratio is 0.

Final Macro Processing ...

=========================================================================
Final Register Report

Macro Statistics
# Registers                                            : 3
 Flip-Flops                                            : 3

=========================================================================

=========================================================================
*                           Partition Report                            *
=========================================================================

Partition Implementation Status
-------------------------------

  No Partitions were found in this design.

-------------------------------

=========================================================================
*                            Final Report                               *
=========================================================================
Final Results
RTL Top Level Output File Name     : myaccum.ngr
Top Level Output File Name         : myaccum
Output Format                      : NGC
Optimization Goal                  : Speed
Keep Hierarchy                     : No

Design Statistics
# IOs                              : 17

Cell Usage :
# BELS                             : 2
#      LUT2                        : 1
#      LUT4                        : 1
# FlipFlops/Latches                : 3
#      FD                          : 3
# Clock Buffers                    : 1
#      BUFGP                       : 1
# IO Buffers                       : 16
#      IBUF                        : 8
#      OBUF                        : 8
=========================================================================

Device utilization summary:
---------------------------

Selected Device : 3s100ecp132-4 

 Number of Slices:                        2  out of    960     0%  
 Number of Slice Flip Flops:              3  out of   1920     0%  
 Number of 4 input LUTs:                  2  out of   1920     0%  
 Number of IOs:                          17
 Number of bonded IOBs:                  17  out of     83    20%  
 Number of GCLKs:                         1  out of     24     4%  

---------------------------
Partition Resource Summary:
---------------------------

  No Partitions were found in this design.

---------------------------


=========================================================================
TIMING REPORT

NOTE: THESE TIMING NUMBERS ARE ONLY A SYNTHESIS ESTIMATE.
      FOR ACCURATE TIMING INFORMATION PLEASE REFER TO THE TRACE REPORT
      GENERATED AFTER PLACE-and-ROUTE.

Clock Information:
------------------
-----------------------------------+---------------------------------+-------+
Clock Signal                       | Clock buffer(FF name)           | Load  |
-----------------------------------+---------------------------------+-------+
en                                 | NONE(U2/blk00000001/blk00000003)| 8     |
clk                                | BUFGP                           | 3     |
-----------------------------------+---------------------------------+-------+
INFO:Xst:2169 - HDL ADVISOR - Some clock signals were not automatically buffered by XST with BUFG/BUFR resources. Please use the buffer_type constraint in order to insert these buffers to the clock signals to help prevent skew problems.

Asynchronous Control Signals Information:
----------------------------------------
No asynchronous control signals found in this design

Timing Summary:
---------------
Speed Grade: -4

   Minimum period: 3.751ns (Maximum Frequency: 266.596MHz)
   Minimum input arrival time before clock: 4.483ns
   Maximum output required time after clock: 4.310ns
   Maximum combinational path delay: No path found

Timing Detail:
--------------
All values displayed in nanoseconds (ns)

=========================================================================
Timing constraint: Default period analysis for Clock 'en'
  Clock period: 3.751ns (frequency: 266.596MHz)
  Total number of paths / destination ports: 64 / 8
-------------------------------------------------------------------------
Delay:               3.751ns (Levels of Logic = 9)
  Source:            sec_inst (FF)
  Destination:       sec_inst (FF)
  Source Clock:      en rising
  Destination Clock: en rising

  Data Path: sec_inst to sec_inst
                                Gate     Net
    Cell:in->out      fanout   Delay   Delay  Logical Name (Net Name)
    ----------------------------------------  ------------
     SEC:C->out            2   0.591   0.526  sec_inst (sec_net)
     SEC:in->out           1   0.704   0.000  sec_inst (sec_net)
     SEC:in->out           1   0.464   0.000  sec_inst (sec_net)
     SEC:in->out           1   0.059   0.000  sec_inst (sec_net)
     SEC:in->out           1   0.059   0.000  sec_inst (sec_net)
     SEC:in->out           1   0.059   0.000  sec_inst (sec_net)
     SEC:in->out           1   0.059   0.000  sec_inst (sec_net)
     SEC:in->out           1   0.059   0.000  sec_inst (sec_net)
     SEC:in->out           0   0.059   0.000  sec_inst (sec_net)
     SEC:in->out           1   0.804   0.000  sec_inst (sec_net)
     SEC:in                    0.308          sec_inst
    ----------------------------------------
    Total                      3.751ns (3.225ns logic, 0.526ns route)
                                       (86.0% logic, 14.0% route)

=========================================================================
Timing constraint: Default period analysis for Clock 'clk'
  Clock period: 2.225ns (frequency: 449.438MHz)
  Total number of paths / destination ports: 4 / 3
-------------------------------------------------------------------------
Delay:               2.225ns (Levels of Logic = 1)
  Source:            db_ns_FSM_FFd2 (FF)
  Destination:       db_ns_FSM_FFd2 (FF)
  Source Clock:      clk rising
  Destination Clock: clk rising

  Data Path: db_ns_FSM_FFd2 to db_ns_FSM_FFd2
                                Gate     Net
    Cell:in->out      fanout   Delay   Delay  Logical Name (Net Name)
    ----------------------------------------  ------------
     FD:C->Q               2   0.591   0.622  db_ns_FSM_FFd2 (db_ns_FSM_FFd2)
     LUT4:I0->O            1   0.704   0.000  db_ns_FSM_FFd2-In1 (db_ns_FSM_FFd2-In)
     FD:D                      0.308          db_ns_FSM_FFd2
    ----------------------------------------
    Total                      2.225ns (1.603ns logic, 0.622ns route)
                                       (72.0% logic, 28.0% route)

=========================================================================
Timing constraint: Default OFFSET IN BEFORE for Clock 'en'
  Total number of paths / destination ports: 52 / 24
-------------------------------------------------------------------------
Offset:              4.483ns (Levels of Logic = 8)
  Source:            b<3> (PAD)
  Destination:       sec_inst (FF)
  Destination Clock: en rising

  Data Path: b<3> to sec_inst
                                Gate     Net
    Cell:in->out      fanout   Delay   Delay  Logical Name (Net Name)
    ----------------------------------------  ------------
     IBUF:I->O             5   1.218   0.808  b_3_IBUF (b_3_IBUF)
     begin scope: 'U2'
     begin scope: 'blk00000001'
     SEC:in->out           1   0.704   0.000  sec_inst (sec_net)
     SEC:in->out           1   0.464   0.000  sec_inst (sec_net)
     SEC:in->out           1   0.059   0.000  sec_inst (sec_net)
     SEC:in->out           1   0.059   0.000  sec_inst (sec_net)
     SEC:in->out           0   0.059   0.000  sec_inst (sec_net)
     SEC:in->out           1   0.804   0.000  sec_inst (sec_net)
     SEC:in                    0.308          sec_inst
    ----------------------------------------
    Total                      4.483ns (3.675ns logic, 0.808ns route)
                                       (82.0% logic, 18.0% route)

=========================================================================
Timing constraint: Default OFFSET IN BEFORE for Clock 'clk'
  Total number of paths / destination ports: 3 / 2
-------------------------------------------------------------------------
Offset:              2.852ns (Levels of Logic = 2)
  Source:            b2 (PAD)
  Destination:       db_ns_FSM_FFd1 (FF)
  Destination Clock: clk rising

  Data Path: b2 to db_ns_FSM_FFd1
                                Gate     Net
    Cell:in->out      fanout   Delay   Delay  Logical Name (Net Name)
    ----------------------------------------  ------------
     IBUF:I->O             2   1.218   0.622  b2_IBUF (b2_IBUF)
     LUT2:I0->O            1   0.704   0.000  db_ns_FSM_FFd1-In1 (db_ns_FSM_FFd1-In)
     FD:D                      0.308          db_ns_FSM_FFd1
    ----------------------------------------
    Total                      2.852ns (2.230ns logic, 0.622ns route)
                                       (78.2% logic, 21.8% route)

=========================================================================
Timing constraint: Default OFFSET OUT AFTER for Clock 'en'
  Total number of paths / destination ports: 8 / 8
-------------------------------------------------------------------------
Offset:              4.310ns (Levels of Logic = 2)
  Source:            sec_inst (FF)
  Destination:       q<7> (PAD)
  Source Clock:      en rising

  Data Path: sec_inst to q<7>
                                Gate     Net
    Cell:in->out      fanout   Delay   Delay  Logical Name (Net Name)
    ----------------------------------------  ------------
     SEC:C->out            2   0.591   0.447  sec_inst (sec_net)
     end scope: 'blk00000001'
     end scope: 'U2'
     OBUF:I->O                 3.272          q_7_OBUF (q<7>)
    ----------------------------------------
    Total                      4.310ns (3.863ns logic, 0.447ns route)
                                       (89.6% logic, 10.4% route)

=========================================================================


Total REAL time to Xst completion: 5.00 secs
Total CPU time to Xst completion: 5.07 secs
 
--> 

Total memory usage is 261580 kilobytes

Number of errors   :    0 (   0 filtered)
Number of warnings :    1 (   0 filtered)
Number of infos    :    1 (   0 filtered)

