INFO:sim:172 - Generating IP...
Resolving generics for 'ram_416'...
Applying external generics to 'ram_416'...
Delivering associated files for 'ram_416'...
Delivering EJava files for 'ram_416'...
Generating implementation netlist for 'ram_416'...
INFO:sim - Pre-processing HDL files for 'ram_416'...
Running synthesis for 'ram_416'
Running ngcbuild...
Writing VHO instantiation template for 'ram_416'...
Writing VHDL behavioral simulation model for 'ram_416'...
WARNING:sim - Overwriting existing file Z:/ECEC
   302/newram/ipcore_dir/tmp/_cg/ram_416/doc/blk_mem_gen_v7_3_vinfo.html with
   file from view xilinx_documentation
Delivered 1 file into directory Z:/ECEC 302/newram/ipcore_dir/tmp/_cg/ram_416
Generating ASY schematic symbol...
INFO:sim:949 - Finished generation of ASY schematic symbol.
Generating SYM schematic symbol for 'ram_416'...
Generating metadata file...
Generating ISE project file for 'ram_416'...
Generating ISE project...
XCO file found: ram_416.xco
XMDF file found: ram_416_xmdf.tcl
Adding Z:/ECEC 302/newram/ipcore_dir/tmp/_cg/ram_416.asy -view all -origin_type
imported
Adding Z:/ECEC 302/newram/ipcore_dir/tmp/_cg/ram_416.ngc -view all -origin_type
created
Checking file "Z:/ECEC 302/newram/ipcore_dir/tmp/_cg/ram_416.ngc" for project
device match ...
File "Z:/ECEC 302/newram/ipcore_dir/tmp/_cg/ram_416.ngc" device information
matches project device.
Adding Z:/ECEC 302/newram/ipcore_dir/tmp/_cg/ram_416.sym -view all -origin_type
imported
Adding Z:/ECEC 302/newram/ipcore_dir/tmp/_cg/ram_416.vhd -view all -origin_type
created
INFO:HDLCompiler:1061 - Parsing VHDL file "Z:/ECEC
   302/newram/ipcore_dir/tmp/_cg/ram_416.vhd" into library work
INFO:ProjectMgmt - Parsing design hierarchy completed successfully.
Adding Z:/ECEC 302/newram/ipcore_dir/tmp/_cg/ram_416.vho -view all -origin_type
imported
INFO:TclTasksC:2116 - The automatic calculation of top has been turned-off.
   Please set the new top explicitly by running the "project set top" command.
   To re-calculate the new top automatically, set the "Auto Implementation Top"
   property to true.
Top level has been set to "/ram_416"
Generating README file...
Generating FLIST file...
INFO:sim:948 - Finished FLIST file generation.
Launching README viewer...
Moving files to output directory...
Finished moving files to output directory
Wrote CGP file for project 'ram_416'.
